Symptoms: anxiety = 5
Symptoms: arrhythmias = 3
Symptoms: blindness = 1
Symptoms: blurred vision = 5
Symptoms: constricted pupils = 3
Symptoms: cough = 6
Symptoms: dialated pupils = 4
Symptoms: dizziness = 5
Symptoms: dry mouth = 8
Symptoms: fever = 7
Symptoms: headache = 3
Symptoms: high blood pressure = 10
Symptoms: inflamation = 7
Symptoms: insomnia = 4
Symptoms: low blood pressure = 4
Symptoms: nausea = 5
Symptoms: rapid heart rate = 1
Symptoms: rash = 4
Symptoms: shortness of breath = 3
Symptoms: stiff neck = 4
Symptoms: stomach pain = 3
Symptoms: tremor = 4
Symptoms: water retention = 1
